<?xml version="1.0" encoding="UTF-8"?>
<!-- Generated by org.testng.reporters.JUnitReportReporter -->
<testsuite hostname="WBOX62" failures="0" tests="1" name="Resources.BaseClass" time="0.093" errors="1" timestamp="2024-03-15T13:26:28 IST" skipped="0">
  <testcase classname="Resources.BaseClass" name="globalTeardown" time="0.093">
    <error message="An unknown server-side error occurred while processing the command. Original error: Error executing adbExec. Original error: &#039;Command &#039;C:\\Users\\wbox62\\Desktop\\android-sdk\\platform-tools\\adb.exe -P 5037 -s 10BDB70PG4000XX pull /sdcard/08457d65.mp4 C:\\Users\\wbox62\\AppData\\Local\\Temp\\2024215-4072-1y6h5yk.t5kh\\08457d65.mp4&#039; exited with code 1&#039;; Command output: adb: error: failed to get feature set: device &#039;10BDB70PG4000XX&#039; not found

Build info: version: &#039;4.16.1&#039;, revision: &#039;9b4c83354e&#039;
System info: os.name: &#039;Windows 10&#039;, os.arch: &#039;amd64&#039;, os.version: &#039;10.0&#039;, java.version: &#039;17.0.6&#039;
Driver info: io.appium.java_client.android.AndroidDriver
Command: [59d5fe95-eaf6-4ae8-a7df-ce0f3498702d, stopRecordingScreen {}]
Capabilities {appium:appActivity: com.ssi.agroworlds.view.ui...., appium:appPackage: com.ssi.agroworlds, appium:autoGrantPermissions: true, appium:automationName: UiAutomator2, appium:databaseEnabled: false, appium:desired: {appActivity: com.ssi.agroworlds.view.ui...., appPackage: com.ssi.agroworlds, autoGrantPermissions: true, automationName: UiAutomator2, deviceName: vivo Y36, platformName: ANDROID, platformVersion: 13, udid: 10BDB70PG4000XX}, appium:deviceApiLevel: 33, appium:deviceManufacturer: vivo, appium:deviceModel: V2247, appium:deviceName: 10BDB70PG4000XX, appium:deviceScreenDensity: 440, appium:deviceScreenSize: 1080x2388, appium:deviceUDID: 10BDB70PG4000XX, appium:javascriptEnabled: true, appium:locationContextEnabled: false, appium:networkConnectionEnabled: true, appium:pixelRatio: 2.75, appium:platformVersion: 13, appium:statBarHeight: 99, appium:takesScreenshot: true, appium:udid: 10BDB70PG4000XX, appium:viewportRect: {height: 2289, left: 0, top: 99, width: 1080}, appium:warnings: {}, appium:webStorageEnabled: false, platformName: ANDROID}
Session ID: 59d5fe95-eaf6-4ae8-a7df-ce0f3498702d" type="org.openqa.selenium.WebDriverException">
      <![CDATA[org.openqa.selenium.WebDriverException: An unknown server-side error occurred while processing the command. Original error: Error executing adbExec. Original error: 'Command 'C:\\Users\\wbox62\\Desktop\\android-sdk\\platform-tools\\adb.exe -P 5037 -s 10BDB70PG4000XX pull /sdcard/08457d65.mp4 C:\\Users\\wbox62\\AppData\\Local\\Temp\\2024215-4072-1y6h5yk.t5kh\\08457d65.mp4' exited with code 1'; Command output: adb: error: failed to get feature set: device '10BDB70PG4000XX' not found

Build info: version: '4.16.1', revision: '9b4c83354e'
System info: os.name: 'Windows 10', os.arch: 'amd64', os.version: '10.0', java.version: '17.0.6'
Driver info: io.appium.java_client.android.AndroidDriver
Command: [59d5fe95-eaf6-4ae8-a7df-ce0f3498702d, stopRecordingScreen {}]
Capabilities {appium:appActivity: com.ssi.agroworlds.view.ui...., appium:appPackage: com.ssi.agroworlds, appium:autoGrantPermissions: true, appium:automationName: UiAutomator2, appium:databaseEnabled: false, appium:desired: {appActivity: com.ssi.agroworlds.view.ui...., appPackage: com.ssi.agroworlds, autoGrantPermissions: true, automationName: UiAutomator2, deviceName: vivo Y36, platformName: ANDROID, platformVersion: 13, udid: 10BDB70PG4000XX}, appium:deviceApiLevel: 33, appium:deviceManufacturer: vivo, appium:deviceModel: V2247, appium:deviceName: 10BDB70PG4000XX, appium:deviceScreenDensity: 440, appium:deviceScreenSize: 1080x2388, appium:deviceUDID: 10BDB70PG4000XX, appium:javascriptEnabled: true, appium:locationContextEnabled: false, appium:networkConnectionEnabled: true, appium:pixelRatio: 2.75, appium:platformVersion: 13, appium:statBarHeight: 99, appium:takesScreenshot: true, appium:udid: 10BDB70PG4000XX, appium:viewportRect: {height: 2289, left: 0, top: 99, width: 1080}, appium:warnings: {}, appium:webStorageEnabled: false, platformName: ANDROID}
Session ID: 59d5fe95-eaf6-4ae8-a7df-ce0f3498702d
at java.base/jdk.internal.reflect.NativeConstructorAccessorImpl.newInstance0(Native Method)
at java.base/jdk.internal.reflect.NativeConstructorAccessorImpl.newInstance(NativeConstructorAccessorImpl.java:77)
at java.base/jdk.internal.reflect.DelegatingConstructorAccessorImpl.newInstance(DelegatingConstructorAccessorImpl.java:45)
at java.base/java.lang.reflect.Constructor.newInstanceWithCaller(Constructor.java:499)
at java.base/java.lang.reflect.Constructor.newInstance(Constructor.java:480)
at org.openqa.selenium.remote.codec.w3c.W3CHttpResponseCodec.createException(W3CHttpResponseCodec.java:200)
at org.openqa.selenium.remote.codec.w3c.W3CHttpResponseCodec.decode(W3CHttpResponseCodec.java:133)
at org.openqa.selenium.remote.codec.w3c.W3CHttpResponseCodec.decode(W3CHttpResponseCodec.java:52)
at org.openqa.selenium.remote.HttpCommandExecutor.execute(HttpCommandExecutor.java:191)
at io.appium.java_client.remote.AppiumCommandExecutor.execute(AppiumCommandExecutor.java:238)
at org.openqa.selenium.remote.RemoteWebDriver.execute(RemoteWebDriver.java:523)
at org.openqa.selenium.remote.RemoteWebDriver.execute(RemoteWebDriver.java:596)
at io.appium.java_client.AppiumDriver.execute(AppiumDriver.java:307)
at io.appium.java_client.screenrecording.CanRecordScreen.stopRecordingScreen(CanRecordScreen.java:72)
at screenRecording.MobileScreenRecordingUtil.stopRecordingScreen(MobileScreenRecordingUtil.java:18)
at Resources.BaseClass.globalTeardown(BaseClass.java:161)
at java.base/jdk.internal.reflect.NativeMethodAccessorImpl.invoke0(Native Method)
at java.base/jdk.internal.reflect.NativeMethodAccessorImpl.invoke(NativeMethodAccessorImpl.java:77)
at java.base/jdk.internal.reflect.DelegatingMethodAccessorImpl.invoke(DelegatingMethodAccessorImpl.java:43)
at java.base/java.lang.reflect.Method.invoke(Method.java:568)
at org.testng.internal.invokers.MethodInvocationHelper.invokeMethod(MethodInvocationHelper.java:139)
at org.testng.internal.invokers.MethodInvocationHelper.invokeMethodConsideringTimeout(MethodInvocationHelper.java:69)
at org.testng.internal.invokers.ConfigInvoker.invokeConfigurationMethod(ConfigInvoker.java:361)
at org.testng.internal.invokers.ConfigInvoker.invokeConfigurations(ConfigInvoker.java:296)
at org.testng.SuiteRunner.privateRun(SuiteRunner.java:400)
at org.testng.SuiteRunner.run(SuiteRunner.java:330)
at org.testng.SuiteRunnerWorker.runSuite(SuiteRunnerWorker.java:52)
at org.testng.SuiteRunnerWorker.run(SuiteRunnerWorker.java:95)
at org.testng.TestNG.runSuitesSequentially(TestNG.java:1256)
at org.testng.TestNG.runSuitesLocally(TestNG.java:1176)
at org.testng.TestNG.runSuites(TestNG.java:1099)
at org.testng.TestNG.run(TestNG.java:1067)
at org.testng.remote.AbstractRemoteTestNG.run(AbstractRemoteTestNG.java:115)
at org.testng.remote.RemoteTestNG.initAndRun(RemoteTestNG.java:251)
at org.testng.remote.RemoteTestNG.main(RemoteTestNG.java:77)
]]>
    </error>
  </testcase> <!-- globalTeardown -->
  <system-out/>
</testsuite> <!-- Resources.BaseClass -->
