<?xml version="1.0" encoding="UTF-8"?>
<!-- Generated by org.testng.reporters.JUnitReportReporter -->
<testsuite hostname="WBOX62" failures="0" tests="5" name="Resources.BDMClass" time="181.194" errors="0" timestamp="2024-03-16T12:53:41 IST" skipped="0">
  <testcase classname="Resources.BDMClass" name="getLogin" time="14.089"/>
  <system-out/>
  <testcase classname="Resources.BDMClass" name="potentialConversionRequestAccept" time="28.781"/>
  <system-out/>
  <testcase classname="Resources.BDMClass" name="addMeetingForPotential" time="107.680"/>
  <system-out/>
  <testcase classname="Resources.BDMClass" name="convertToClient" time="21.910"/>
  <system-out/>
  <testcase classname="Resources.BDMClass" name="getLogout" time="8.734"/>
  <system-out/>
</testsuite> <!-- Resources.BDMClass -->
