<?xml version="1.0" encoding="UTF-8"?>
<!-- Generated by org.testng.reporters.JUnitReportReporter -->
<testsuite hostname="WBOX62" failures="0" tests="1" name="Resources.iOSApp" time="2.485" errors="1" timestamp="2024-03-14T12:43:33 IST" skipped="0">
  <testcase classname="Resources.iOSApp" name="iOSApp" time="2.485">
    <error message="Could not start a new session. Response code 400. Message: platform name is missing in the capabilities 
Host info: host: &#039;WBOX62&#039;, ip: &#039;192.168.3.82&#039;
Build info: version: &#039;4.16.1&#039;, revision: &#039;9b4c83354e&#039;
System info: os.name: &#039;Windows 10&#039;, os.arch: &#039;amd64&#039;, os.version: &#039;10.0&#039;, java.version: &#039;17.0.6&#039;
Driver info: io.appium.java_client.AppiumDriver
Command: [null, newSession {capabilities=[{appium:app=lt://APP1016026231710392174202217, appium:console=true, appium:deviceName=iPhone 11, appium:deviceOrientation=PORTRAIT, appium:devicelog=true, appium:isRealMobile=true, appium:network=true, platformName=IOS, appium:platformVersion=14, appium:visual=true}], desiredCapabilities=Capabilities {app: lt://APP1016026231710392174..., console: true, deviceName: iPhone 11, deviceOrientation: PORTRAIT, devicelog: true, isRealMobile: true, network: true, platformName: IOS, platformVersion: 14, visual: true}}]
Capabilities {app: lt://APP1016026231710392174..., console: true, deviceName: iPhone 11, deviceOrientation: PORTRAIT, devicelog: true, isRealMobile: true, network: true, platformName: IOS, platformVersion: 14, visual: true}" type="org.openqa.selenium.SessionNotCreatedException">
      <![CDATA[org.openqa.selenium.SessionNotCreatedException: Could not start a new session. Response code 400. Message: platform name is missing in the capabilities 
Host info: host: 'WBOX62', ip: '192.168.3.82'
Build info: version: '4.16.1', revision: '9b4c83354e'
System info: os.name: 'Windows 10', os.arch: 'amd64', os.version: '10.0', java.version: '17.0.6'
Driver info: io.appium.java_client.AppiumDriver
Command: [null, newSession {capabilities=[{appium:app=lt://APP1016026231710392174202217, appium:console=true, appium:deviceName=iPhone 11, appium:deviceOrientation=PORTRAIT, appium:devicelog=true, appium:isRealMobile=true, appium:network=true, platformName=IOS, appium:platformVersion=14, appium:visual=true}], desiredCapabilities=Capabilities {app: lt://APP1016026231710392174..., console: true, deviceName: iPhone 11, deviceOrientation: PORTRAIT, devicelog: true, isRealMobile: true, network: true, platformName: IOS, platformVersion: 14, visual: true}}]
Capabilities {app: lt://APP1016026231710392174..., console: true, deviceName: iPhone 11, deviceOrientation: PORTRAIT, devicelog: true, isRealMobile: true, network: true, platformName: IOS, platformVersion: 14, visual: true}
at org.openqa.selenium.remote.ProtocolHandshake.createSession(ProtocolHandshake.java:140)
at java.base/jdk.internal.reflect.NativeMethodAccessorImpl.invoke0(Native Method)
at java.base/jdk.internal.reflect.NativeMethodAccessorImpl.invoke(NativeMethodAccessorImpl.java:77)
at java.base/jdk.internal.reflect.DelegatingMethodAccessorImpl.invoke(DelegatingMethodAccessorImpl.java:43)
at java.base/java.lang.reflect.Method.invoke(Method.java:568)
at io.appium.java_client.remote.AppiumProtocolHandshake.createSession(AppiumProtocolHandshake.java:133)
at io.appium.java_client.remote.AppiumProtocolHandshake.createSession(AppiumProtocolHandshake.java:102)
at io.appium.java_client.remote.AppiumCommandExecutor.createSession(AppiumCommandExecutor.java:177)
at io.appium.java_client.remote.AppiumCommandExecutor.execute(AppiumCommandExecutor.java:238)
at org.openqa.selenium.remote.RemoteWebDriver.execute(RemoteWebDriver.java:523)
at io.appium.java_client.AppiumDriver.startSession(AppiumDriver.java:268)
at org.openqa.selenium.remote.RemoteWebDriver.<init>(RemoteWebDriver.java:164)
at io.appium.java_client.AppiumDriver.<init>(AppiumDriver.java:90)
at io.appium.java_client.AppiumDriver.<init>(AppiumDriver.java:102)
at Resources.iOSApp.iOSApp(iOSApp.java:47)
at java.base/jdk.internal.reflect.NativeMethodAccessorImpl.invoke0(Native Method)
at java.base/jdk.internal.reflect.NativeMethodAccessorImpl.invoke(NativeMethodAccessorImpl.java:77)
at java.base/jdk.internal.reflect.DelegatingMethodAccessorImpl.invoke(DelegatingMethodAccessorImpl.java:43)
at java.base/java.lang.reflect.Method.invoke(Method.java:568)
at org.testng.internal.invokers.MethodInvocationHelper.invokeMethod(MethodInvocationHelper.java:139)
at org.testng.internal.invokers.TestInvoker.invokeMethod(TestInvoker.java:677)
at org.testng.internal.invokers.TestInvoker.invokeTestMethod(TestInvoker.java:221)
at org.testng.internal.invokers.MethodRunner.runInSequence(MethodRunner.java:50)
at org.testng.internal.invokers.TestInvoker$MethodInvocationAgent.invoke(TestInvoker.java:962)
at org.testng.internal.invokers.TestInvoker.invokeTestMethods(TestInvoker.java:194)
at org.testng.internal.invokers.TestMethodWorker.invokeTestMethods(TestMethodWorker.java:148)
at org.testng.internal.invokers.TestMethodWorker.run(TestMethodWorker.java:128)
at java.base/java.util.ArrayList.forEach(ArrayList.java:1511)
at org.testng.TestRunner.privateRun(TestRunner.java:806)
at org.testng.TestRunner.run(TestRunner.java:601)
at org.testng.SuiteRunner.runTest(SuiteRunner.java:433)
at org.testng.SuiteRunner.runSequentially(SuiteRunner.java:427)
at org.testng.SuiteRunner.privateRun(SuiteRunner.java:387)
at org.testng.SuiteRunner.run(SuiteRunner.java:330)
at org.testng.SuiteRunnerWorker.runSuite(SuiteRunnerWorker.java:52)
at org.testng.SuiteRunnerWorker.run(SuiteRunnerWorker.java:95)
at org.testng.TestNG.runSuitesSequentially(TestNG.java:1256)
at org.testng.TestNG.runSuitesLocally(TestNG.java:1176)
at org.testng.TestNG.runSuites(TestNG.java:1099)
at org.testng.TestNG.run(TestNG.java:1067)
at org.testng.remote.AbstractRemoteTestNG.run(AbstractRemoteTestNG.java:115)
at org.testng.remote.RemoteTestNG.initAndRun(RemoteTestNG.java:251)
at org.testng.remote.RemoteTestNG.main(RemoteTestNG.java:77)
]]>
    </error>
  </testcase> <!-- iOSApp -->
  <system-out/>
</testsuite> <!-- Resources.iOSApp -->
