<?xml version="1.0" encoding="UTF-8"?>
<!-- Generated by org.testng.reporters.JUnitReportReporter -->
<testsuite hostname="WBOX62" failures="0" tests="7" name="Resources.BDEClass" time="216.210" errors="0" timestamp="2024-03-18T17:07:09 IST" skipped="0">
  <testcase classname="Resources.BDEClass" name="getLogin" time="13.181"/>
  <system-out/>
  <testcase classname="Resources.BDEClass" name="addLeadComapnyDeatail" time="72.546"/>
  <system-out/>
  <testcase classname="Resources.BDEClass" name="productDetails" time="41.734"/>
  <system-out/>
  <testcase classname="Resources.BDEClass" name="addMeetingForProspect" time="19.020"/>
  <system-out/>
  <testcase classname="Resources.BDEClass" name="prospect" time="35.452"/>
  <system-out/>
  <testcase classname="Resources.BDEClass" name="todaysFollowup" time="27.607"/>
  <system-out/>
  <testcase classname="Resources.BDEClass" name="getLogout" time="6.670"/>
  <system-out/>
</testsuite> <!-- Resources.BDEClass -->
