<?xml version="1.0" encoding="UTF-8"?>
<!-- Generated by org.testng.reporters.JUnitReportReporter -->
<testsuite hostname="WBOX62" failures="0" tests="5" name="Resources.BDMClass" time="204.648" errors="0" timestamp="2024-03-18T10:06:10 IST" skipped="0">
  <testcase classname="Resources.BDMClass" name="getLogin" time="13.773"/>
  <system-out/>
  <testcase classname="Resources.BDMClass" name="potentialConversionRequestAccept" time="41.017"/>
  <system-out/>
  <testcase classname="Resources.BDMClass" name="addMeetingForPotential" time="118.155"/>
  <system-out/>
  <testcase classname="Resources.BDMClass" name="convertToClient" time="22.437"/>
  <system-out/>
  <testcase classname="Resources.BDMClass" name="getLogout" time="9.266"/>
  <system-out/>
</testsuite> <!-- Resources.BDMClass -->
