<?xml version="1.0" encoding="UTF-8"?>
<!-- Generated by org.testng.reporters.JUnitReportReporter -->
<testsuite hostname="WBOX62" failures="0" tests="7" name="Resources.BDEClass" time="217.570" errors="0" timestamp="2024-03-18T10:06:10 IST" skipped="0">
  <testcase classname="Resources.BDEClass" name="getLogin" time="14.141"/>
  <system-out/>
  <testcase classname="Resources.BDEClass" name="addLeadComapnyDeatail" time="72.516"/>
  <system-out/>
  <testcase classname="Resources.BDEClass" name="productDetails" time="43.032"/>
  <system-out/>
  <testcase classname="Resources.BDEClass" name="addMeetingForProspect" time="18.697"/>
  <system-out/>
  <testcase classname="Resources.BDEClass" name="prospect" time="33.378"/>
  <system-out/>
  <testcase classname="Resources.BDEClass" name="todaysFollowup" time="26.020"/>
  <system-out/>
  <testcase classname="Resources.BDEClass" name="getLogout" time="9.786"/>
  <system-out/>
</testsuite> <!-- Resources.BDEClass -->
