<?xml version="1.0" encoding="UTF-8"?>
<!-- Generated by org.testng.reporters.JUnitReportReporter -->
<testsuite hostname="WBOX62" failures="0" tests="7" name="Resources.BDEClass" time="206.512" errors="0" timestamp="2024-03-16T12:53:41 IST" skipped="0">
  <testcase classname="Resources.BDEClass" name="getLogin" time="12.073"/>
  <system-out/>
  <testcase classname="Resources.BDEClass" name="addLeadComapnyDeatail" time="71.281"/>
  <system-out/>
  <testcase classname="Resources.BDEClass" name="productDetails" time="41.063"/>
  <system-out/>
  <testcase classname="Resources.BDEClass" name="addMeetingForProspect" time="16.493"/>
  <system-out/>
  <testcase classname="Resources.BDEClass" name="prospect" time="31.856"/>
  <system-out/>
  <testcase classname="Resources.BDEClass" name="todaysFollowup" time="26.940"/>
  <system-out/>
  <testcase classname="Resources.BDEClass" name="getLogout" time="6.806"/>
  <system-out/>
</testsuite> <!-- Resources.BDEClass -->
