<?xml version="1.0" encoding="UTF-8"?>
<!-- Generated by org.testng.reporters.JUnitReportReporter -->
<testsuite hostname="WBOX62" failures="0" tests="4" name="Resources.COOClass" time="114.453" errors="0" timestamp="2024-03-18T10:06:10 IST" skipped="0">
  <testcase classname="Resources.COOClass" name="getLogin" time="12.607"/>
  <system-out/>
  <testcase classname="Resources.COOClass" name="CompleteMeeting" time="62.474"/>
  <system-out/>
  <testcase classname="Resources.COOClass" name="clientConversionRequestAccept" time="25.291"/>
  <system-out/>
  <testcase classname="Resources.COOClass" name="getLogout" time="14.081"/>
  <system-out/>
</testsuite> <!-- Resources.COOClass -->
